{"total": {"lines":{"total":34,"covered":33,"skipped":0,"pct":97.05},"statements":{"total":47,"covered":43,"skipped":0,"pct":91.48},"functions":{"total":14,"covered":14,"skipped":0,"pct":100},"branches":{"total":52,"covered":44,"skipped":0,"pct":84.61},"branchesTrue":{"total":0,"covered":0,"skipped":0,"pct":"Unknown"}}
,"/Users/alexliu/Documents/Projects/stock-screener/src/lib/screener.ts": {"lines":{"total":34,"covered":33,"skipped":0,"pct":97.05},"functions":{"total":14,"covered":14,"skipped":0,"pct":100},"statements":{"total":47,"covered":43,"skipped":0,"pct":91.48},"branches":{"total":52,"covered":44,"skipped":0,"pct":84.61}}
}
